<?xml version="1.0" encoding="UTF-8"?>
<testng-results skipped="0" failed="0" total="5" passed="5">
  <reporter-output>
  </reporter-output>
  <suite name="Default suite" duration-ms="228361" started-at="2015-02-26T15:13:24Z" finished-at="2015-02-26T15:17:12Z">
    <groups>
    </groups>
    <test name="Default test" duration-ms="228361" started-at="2015-02-26T15:13:24Z" finished-at="2015-02-26T15:17:12Z">
      <class name="automationFramework.Test_EmployeeCards">
        <test-method status="PASS" signature="beforeMethod()[pri:0, instance:automationFramework.Test_EmployeeCards@28f67ac7]" name="beforeMethod" is-config="true" duration-ms="8059" started-at="2015-02-26T17:13:24Z" finished-at="2015-02-26T17:13:32Z">
          <reporter-output>
          </reporter-output>
        </test-method> <!-- beforeMethod -->
        <test-method status="PASS" signature="f(java.lang.String, java.lang.String, java.lang.String)[pri:0, instance:automationFramework.Test_EmployeeCards@28f67ac7]" name="f" duration-ms="37187" started-at="2015-02-26T17:13:32Z" data-provider="Param_Id" finished-at="2015-02-26T17:14:09Z">
          <params>
            <param index="0">
              <value>
                <![CDATA[74013]]>
              </value>
            </param>
            <param index="1">
              <value>
                <![CDATA[12/2014]]>
              </value>
            </param>
            <param index="2">
              <value is-null="true"/>
            </param>
          </params>
          <reporter-output>
          </reporter-output>
        </test-method> <!-- f -->
        <test-method status="PASS" signature="afterMethod()[pri:0, instance:automationFramework.Test_EmployeeCards@28f67ac7]" name="afterMethod" is-config="true" duration-ms="1732" started-at="2015-02-26T17:14:09Z" finished-at="2015-02-26T17:14:11Z">
          <reporter-output>
          </reporter-output>
        </test-method> <!-- afterMethod -->
        <test-method status="PASS" signature="beforeMethod()[pri:0, instance:automationFramework.Test_EmployeeCards@28f67ac7]" name="beforeMethod" is-config="true" duration-ms="9428" started-at="2015-02-26T17:14:11Z" finished-at="2015-02-26T17:14:20Z">
          <reporter-output>
          </reporter-output>
        </test-method> <!-- beforeMethod -->
        <test-method status="PASS" signature="f(java.lang.String, java.lang.String, java.lang.String)[pri:0, instance:automationFramework.Test_EmployeeCards@28f67ac7]" name="f" duration-ms="46326" started-at="2015-02-26T17:14:20Z" data-provider="Param_Id" finished-at="2015-02-26T17:15:06Z">
          <params>
            <param index="0">
              <value>
                <![CDATA[87903]]>
              </value>
            </param>
            <param index="1">
              <value>
                <![CDATA[12/2014]]>
              </value>
            </param>
            <param index="2">
              <value is-null="true"/>
            </param>
          </params>
          <reporter-output>
          </reporter-output>
        </test-method> <!-- f -->
        <test-method status="PASS" signature="afterMethod()[pri:0, instance:automationFramework.Test_EmployeeCards@28f67ac7]" name="afterMethod" is-config="true" duration-ms="1769" started-at="2015-02-26T17:15:07Z" finished-at="2015-02-26T17:15:08Z">
          <reporter-output>
          </reporter-output>
        </test-method> <!-- afterMethod -->
        <test-method status="PASS" signature="beforeMethod()[pri:0, instance:automationFramework.Test_EmployeeCards@28f67ac7]" name="beforeMethod" is-config="true" duration-ms="9634" started-at="2015-02-26T17:15:08Z" finished-at="2015-02-26T17:15:18Z">
          <reporter-output>
          </reporter-output>
        </test-method> <!-- beforeMethod -->
        <test-method status="PASS" signature="f(java.lang.String, java.lang.String, java.lang.String)[pri:0, instance:automationFramework.Test_EmployeeCards@28f67ac7]" name="f" duration-ms="46333" started-at="2015-02-26T17:15:18Z" data-provider="Param_Id" finished-at="2015-02-26T17:16:04Z">
          <params>
            <param index="0">
              <value>
                <![CDATA[77104]]>
              </value>
            </param>
            <param index="1">
              <value>
                <![CDATA[02/2015]]>
              </value>
            </param>
            <param index="2">
              <value is-null="true"/>
            </param>
          </params>
          <reporter-output>
          </reporter-output>
        </test-method> <!-- f -->
        <test-method status="PASS" signature="afterMethod()[pri:0, instance:automationFramework.Test_EmployeeCards@28f67ac7]" name="afterMethod" is-config="true" duration-ms="149" started-at="2015-02-26T17:16:04Z" finished-at="2015-02-26T17:16:04Z">
          <reporter-output>
          </reporter-output>
        </test-method> <!-- afterMethod -->
        <test-method status="PASS" signature="beforeMethod()[pri:0, instance:automationFramework.Test_EmployeeCards@28f67ac7]" name="beforeMethod" is-config="true" duration-ms="11160" started-at="2015-02-26T17:16:04Z" finished-at="2015-02-26T17:16:16Z">
          <reporter-output>
          </reporter-output>
        </test-method> <!-- beforeMethod -->
        <test-method status="PASS" signature="f(java.lang.String, java.lang.String, java.lang.String)[pri:0, instance:automationFramework.Test_EmployeeCards@28f67ac7]" name="f" duration-ms="25638" started-at="2015-02-26T17:16:16Z" data-provider="Param_Id" finished-at="2015-02-26T17:16:41Z">
          <params>
            <param index="0">
              <value is-null="true"/>
            </param>
            <param index="1">
              <value>
                <![CDATA[12/2014]]>
              </value>
            </param>
            <param index="2">
              <value>
                <![CDATA[אבו שמסיה ראאפת]]>
              </value>
            </param>
          </params>
          <reporter-output>
          </reporter-output>
        </test-method> <!-- f -->
        <test-method status="PASS" signature="afterMethod()[pri:0, instance:automationFramework.Test_EmployeeCards@28f67ac7]" name="afterMethod" is-config="true" duration-ms="25" started-at="2015-02-26T17:16:41Z" finished-at="2015-02-26T17:16:41Z">
          <reporter-output>
          </reporter-output>
        </test-method> <!-- afterMethod -->
        <test-method status="PASS" signature="beforeMethod()[pri:0, instance:automationFramework.Test_EmployeeCards@28f67ac7]" name="beforeMethod" is-config="true" duration-ms="11279" started-at="2015-02-26T17:16:41Z" finished-at="2015-02-26T17:16:52Z">
          <reporter-output>
          </reporter-output>
        </test-method> <!-- beforeMethod -->
        <test-method status="PASS" signature="f(java.lang.String, java.lang.String, java.lang.String)[pri:0, instance:automationFramework.Test_EmployeeCards@28f67ac7]" name="f" duration-ms="19577" started-at="2015-02-26T17:16:52Z" data-provider="Param_Id" finished-at="2015-02-26T17:17:12Z">
          <params>
            <param index="0">
              <value is-null="true"/>
            </param>
            <param index="1">
              <value>
                <![CDATA[02/2015]]>
              </value>
            </param>
            <param index="2">
              <value>
                <![CDATA[צפורי אלון]]>
              </value>
            </param>
          </params>
          <reporter-output>
          </reporter-output>
        </test-method> <!-- f -->
        <test-method status="PASS" signature="afterMethod()[pri:0, instance:automationFramework.Test_EmployeeCards@28f67ac7]" name="afterMethod" is-config="true" duration-ms="22" started-at="2015-02-26T17:17:12Z" finished-at="2015-02-26T17:17:12Z">
          <reporter-output>
          </reporter-output>
        </test-method> <!-- afterMethod -->
      </class> <!-- automationFramework.Test_EmployeeCards -->
    </test> <!-- Default test -->
  </suite> <!-- Default suite -->
</testng-results>
