<?xml version="1.0" encoding="UTF-8"?>
<!-- Generated by org.testng.reporters.JUnitXMLReporter -->
<testsuite hostname="a25595" name="Kds_Pages" tests="5" failures="5" timestamp="24 Sep 2017 19:48:59 GMT" time="47.82" errors="0">
  <testcase name="chkEmployeeCards" time="0.508" classname="automationFramework.EmployeeCards">
    <failure type="org.openqa.selenium.NoSuchElementException" message="Unable to find element with id == ctl00_KdsContent_btnUpdWorkCard (WARNING: The server did not provide any stacktrace information)
Command duration or timeout: 506 milliseconds
For documentation on this error, please visit: http://seleniumhq.org/exceptions/no_such_element.html
Build info: version: &amp;apos;unknown&amp;apos;, revision: &amp;apos;1969d75&amp;apos;, time: &amp;apos;2016-10-18 09:43:45 -0700&amp;apos;
System info: host: &amp;apos;a25595&amp;apos;, ip: &amp;apos;10.0.6.81&amp;apos;, os.name: &amp;apos;Windows 10&amp;apos;, os.arch: &amp;apos;amd64&amp;apos;, os.version: &amp;apos;10.0&amp;apos;, java.version: &amp;apos;1.8.0_111&amp;apos;
Driver info: org.openqa.selenium.ie.InternetExplorerDriver
Capabilities [{browserAttachTimeout=0, enablePersistentHover=true, ie.forceCreateProcessApi=false, pageLoadStrategy=normal, ie.usePerProcessProxy=false, ignoreZoomSetting=false, handlesAlerts=true, version=11, platform=WINDOWS, nativeEvents=true, ie.ensureCleanSession=false, elementScrollBehavior=0, ie.browserCommandLineSwitches=, requireWindowFocus=false, browserName=internet explorer, initialBrowserUrl=http://localhost:25958/, takesScreenshot=true, javascriptEnabled=true, ignoreProtectedModeSettings=false, enableElementCacheCleanup=true, cssSelectorsEnabled=true, unexpectedAlertBehaviour=dismiss}]
Session ID: 6b8b297a-48bb-4496-854e-8e075869b9aa
*** Element info: {Using=id, value=ctl00_KdsContent_btnUpdWorkCard}">
      <![CDATA[org.openqa.selenium.NoSuchElementException: Unable to find element with id == ctl00_KdsContent_btnUpdWorkCard (WARNING: The server did not provide any stacktrace information)
Command duration or timeout: 506 milliseconds
For documentation on this error, please visit: http://seleniumhq.org/exceptions/no_such_element.html
Build info: version: 'unknown', revision: '1969d75', time: '2016-10-18 09:43:45 -0700'
System info: host: 'a25595', ip: '10.0.6.81', os.name: 'Windows 10', os.arch: 'amd64', os.version: '10.0', java.version: '1.8.0_111'
Driver info: org.openqa.selenium.ie.InternetExplorerDriver
Capabilities [{browserAttachTimeout=0, enablePersistentHover=true, ie.forceCreateProcessApi=false, pageLoadStrategy=normal, ie.usePerProcessProxy=false, ignoreZoomSetting=false, handlesAlerts=true, version=11, platform=WINDOWS, nativeEvents=true, ie.ensureCleanSession=false, elementScrollBehavior=0, ie.browserCommandLineSwitches=, requireWindowFocus=false, browserName=internet explorer, initialBrowserUrl=http://localhost:25958/, takesScreenshot=true, javascriptEnabled=true, ignoreProtectedModeSettings=false, enableElementCacheCleanup=true, cssSelectorsEnabled=true, unexpectedAlertBehaviour=dismiss}]
Session ID: 6b8b297a-48bb-4496-854e-8e075869b9aa
*** Element info: {Using=id, value=ctl00_KdsContent_btnUpdWorkCard}
	at org.openqa.selenium.remote.ErrorHandler.createThrowable(ErrorHandler.java:216)
	at org.openqa.selenium.remote.ErrorHandler.throwIfResponseFailed(ErrorHandler.java:168)
	at org.openqa.selenium.remote.RemoteWebDriver.execute(RemoteWebDriver.java:635)
	at org.openqa.selenium.remote.RemoteWebDriver.findElement(RemoteWebDriver.java:368)
	at org.openqa.selenium.remote.RemoteWebDriver.findElementById(RemoteWebDriver.java:417)
	at org.openqa.selenium.By$ById.findElement(By.java:218)
	at org.openqa.selenium.remote.RemoteWebDriver.findElement(RemoteWebDriver.java:360)
	at pageObjects.LogInPage.lnk_EmployeeCards(LogInPage.java:13)
	at automationFramework.EmployeeCards.chkEmployeeCards(EmployeeCards.java:57)
... Removed 27 stack frames]]>
    </failure>
  </testcase> <!-- chkEmployeeCards -->
  <testcase name="chkEmployeeCards" time="0.521" classname="automationFramework.EmployeeCards">
    <failure type="org.openqa.selenium.NoSuchElementException" message="Unable to find element with id == ctl00_KdsContent_btnUpdWorkCard (WARNING: The server did not provide any stacktrace information)
Command duration or timeout: 521 milliseconds
For documentation on this error, please visit: http://seleniumhq.org/exceptions/no_such_element.html
Build info: version: &amp;apos;unknown&amp;apos;, revision: &amp;apos;1969d75&amp;apos;, time: &amp;apos;2016-10-18 09:43:45 -0700&amp;apos;
System info: host: &amp;apos;a25595&amp;apos;, ip: &amp;apos;10.0.6.81&amp;apos;, os.name: &amp;apos;Windows 10&amp;apos;, os.arch: &amp;apos;amd64&amp;apos;, os.version: &amp;apos;10.0&amp;apos;, java.version: &amp;apos;1.8.0_111&amp;apos;
Driver info: org.openqa.selenium.ie.InternetExplorerDriver
Capabilities [{browserAttachTimeout=0, enablePersistentHover=true, ie.forceCreateProcessApi=false, pageLoadStrategy=normal, ie.usePerProcessProxy=false, ignoreZoomSetting=false, handlesAlerts=true, version=11, platform=WINDOWS, nativeEvents=true, ie.ensureCleanSession=false, elementScrollBehavior=0, ie.browserCommandLineSwitches=, requireWindowFocus=false, browserName=internet explorer, initialBrowserUrl=http://localhost:1093/, takesScreenshot=true, javascriptEnabled=true, ignoreProtectedModeSettings=false, enableElementCacheCleanup=true, cssSelectorsEnabled=true, unexpectedAlertBehaviour=dismiss}]
Session ID: 1f85714a-3dd4-4f57-81a8-2ede74d7ef46
*** Element info: {Using=id, value=ctl00_KdsContent_btnUpdWorkCard}">
      <![CDATA[org.openqa.selenium.NoSuchElementException: Unable to find element with id == ctl00_KdsContent_btnUpdWorkCard (WARNING: The server did not provide any stacktrace information)
Command duration or timeout: 521 milliseconds
For documentation on this error, please visit: http://seleniumhq.org/exceptions/no_such_element.html
Build info: version: 'unknown', revision: '1969d75', time: '2016-10-18 09:43:45 -0700'
System info: host: 'a25595', ip: '10.0.6.81', os.name: 'Windows 10', os.arch: 'amd64', os.version: '10.0', java.version: '1.8.0_111'
Driver info: org.openqa.selenium.ie.InternetExplorerDriver
Capabilities [{browserAttachTimeout=0, enablePersistentHover=true, ie.forceCreateProcessApi=false, pageLoadStrategy=normal, ie.usePerProcessProxy=false, ignoreZoomSetting=false, handlesAlerts=true, version=11, platform=WINDOWS, nativeEvents=true, ie.ensureCleanSession=false, elementScrollBehavior=0, ie.browserCommandLineSwitches=, requireWindowFocus=false, browserName=internet explorer, initialBrowserUrl=http://localhost:1093/, takesScreenshot=true, javascriptEnabled=true, ignoreProtectedModeSettings=false, enableElementCacheCleanup=true, cssSelectorsEnabled=true, unexpectedAlertBehaviour=dismiss}]
Session ID: 1f85714a-3dd4-4f57-81a8-2ede74d7ef46
*** Element info: {Using=id, value=ctl00_KdsContent_btnUpdWorkCard}
	at org.openqa.selenium.remote.ErrorHandler.createThrowable(ErrorHandler.java:216)
	at org.openqa.selenium.remote.ErrorHandler.throwIfResponseFailed(ErrorHandler.java:168)
	at org.openqa.selenium.remote.RemoteWebDriver.execute(RemoteWebDriver.java:635)
	at org.openqa.selenium.remote.RemoteWebDriver.findElement(RemoteWebDriver.java:368)
	at org.openqa.selenium.remote.RemoteWebDriver.findElementById(RemoteWebDriver.java:417)
	at org.openqa.selenium.By$ById.findElement(By.java:218)
	at org.openqa.selenium.remote.RemoteWebDriver.findElement(RemoteWebDriver.java:360)
	at pageObjects.LogInPage.lnk_EmployeeCards(LogInPage.java:13)
	at automationFramework.EmployeeCards.chkEmployeeCards(EmployeeCards.java:57)
... Removed 27 stack frames]]>
    </failure>
  </testcase> <!-- chkEmployeeCards -->
  <testcase name="chkEmployeeCards" time="0.506" classname="automationFramework.EmployeeCards">
    <failure type="org.openqa.selenium.NoSuchElementException" message="Unable to find element with id == ctl00_KdsContent_btnUpdWorkCard (WARNING: The server did not provide any stacktrace information)
Command duration or timeout: 505 milliseconds
For documentation on this error, please visit: http://seleniumhq.org/exceptions/no_such_element.html
Build info: version: &amp;apos;unknown&amp;apos;, revision: &amp;apos;1969d75&amp;apos;, time: &amp;apos;2016-10-18 09:43:45 -0700&amp;apos;
System info: host: &amp;apos;a25595&amp;apos;, ip: &amp;apos;10.0.6.81&amp;apos;, os.name: &amp;apos;Windows 10&amp;apos;, os.arch: &amp;apos;amd64&amp;apos;, os.version: &amp;apos;10.0&amp;apos;, java.version: &amp;apos;1.8.0_111&amp;apos;
Driver info: org.openqa.selenium.ie.InternetExplorerDriver
Capabilities [{browserAttachTimeout=0, enablePersistentHover=true, ie.forceCreateProcessApi=false, pageLoadStrategy=normal, ie.usePerProcessProxy=false, ignoreZoomSetting=false, handlesAlerts=true, version=11, platform=WINDOWS, nativeEvents=true, ie.ensureCleanSession=false, elementScrollBehavior=0, ie.browserCommandLineSwitches=, requireWindowFocus=false, browserName=internet explorer, initialBrowserUrl=http://localhost:20303/, takesScreenshot=true, javascriptEnabled=true, ignoreProtectedModeSettings=false, enableElementCacheCleanup=true, cssSelectorsEnabled=true, unexpectedAlertBehaviour=dismiss}]
Session ID: 2ab4a6e7-3334-4cb7-b011-d8ed87644ce0
*** Element info: {Using=id, value=ctl00_KdsContent_btnUpdWorkCard}">
      <![CDATA[org.openqa.selenium.NoSuchElementException: Unable to find element with id == ctl00_KdsContent_btnUpdWorkCard (WARNING: The server did not provide any stacktrace information)
Command duration or timeout: 505 milliseconds
For documentation on this error, please visit: http://seleniumhq.org/exceptions/no_such_element.html
Build info: version: 'unknown', revision: '1969d75', time: '2016-10-18 09:43:45 -0700'
System info: host: 'a25595', ip: '10.0.6.81', os.name: 'Windows 10', os.arch: 'amd64', os.version: '10.0', java.version: '1.8.0_111'
Driver info: org.openqa.selenium.ie.InternetExplorerDriver
Capabilities [{browserAttachTimeout=0, enablePersistentHover=true, ie.forceCreateProcessApi=false, pageLoadStrategy=normal, ie.usePerProcessProxy=false, ignoreZoomSetting=false, handlesAlerts=true, version=11, platform=WINDOWS, nativeEvents=true, ie.ensureCleanSession=false, elementScrollBehavior=0, ie.browserCommandLineSwitches=, requireWindowFocus=false, browserName=internet explorer, initialBrowserUrl=http://localhost:20303/, takesScreenshot=true, javascriptEnabled=true, ignoreProtectedModeSettings=false, enableElementCacheCleanup=true, cssSelectorsEnabled=true, unexpectedAlertBehaviour=dismiss}]
Session ID: 2ab4a6e7-3334-4cb7-b011-d8ed87644ce0
*** Element info: {Using=id, value=ctl00_KdsContent_btnUpdWorkCard}
	at org.openqa.selenium.remote.ErrorHandler.createThrowable(ErrorHandler.java:216)
	at org.openqa.selenium.remote.ErrorHandler.throwIfResponseFailed(ErrorHandler.java:168)
	at org.openqa.selenium.remote.RemoteWebDriver.execute(RemoteWebDriver.java:635)
	at org.openqa.selenium.remote.RemoteWebDriver.findElement(RemoteWebDriver.java:368)
	at org.openqa.selenium.remote.RemoteWebDriver.findElementById(RemoteWebDriver.java:417)
	at org.openqa.selenium.By$ById.findElement(By.java:218)
	at org.openqa.selenium.remote.RemoteWebDriver.findElement(RemoteWebDriver.java:360)
	at pageObjects.LogInPage.lnk_EmployeeCards(LogInPage.java:13)
	at automationFramework.EmployeeCards.chkEmployeeCards(EmployeeCards.java:57)
... Removed 27 stack frames]]>
    </failure>
  </testcase> <!-- chkEmployeeCards -->
  <testcase name="chkEmployeeCards" time="0.514" classname="automationFramework.EmployeeCards">
    <failure type="org.openqa.selenium.NoSuchElementException" message="Unable to find element with id == ctl00_KdsContent_btnUpdWorkCard (WARNING: The server did not provide any stacktrace information)
Command duration or timeout: 514 milliseconds
For documentation on this error, please visit: http://seleniumhq.org/exceptions/no_such_element.html
Build info: version: &amp;apos;unknown&amp;apos;, revision: &amp;apos;1969d75&amp;apos;, time: &amp;apos;2016-10-18 09:43:45 -0700&amp;apos;
System info: host: &amp;apos;a25595&amp;apos;, ip: &amp;apos;10.0.6.81&amp;apos;, os.name: &amp;apos;Windows 10&amp;apos;, os.arch: &amp;apos;amd64&amp;apos;, os.version: &amp;apos;10.0&amp;apos;, java.version: &amp;apos;1.8.0_111&amp;apos;
Driver info: org.openqa.selenium.ie.InternetExplorerDriver
Capabilities [{browserAttachTimeout=0, enablePersistentHover=true, ie.forceCreateProcessApi=false, pageLoadStrategy=normal, ie.usePerProcessProxy=false, ignoreZoomSetting=false, handlesAlerts=true, version=11, platform=WINDOWS, nativeEvents=true, ie.ensureCleanSession=false, elementScrollBehavior=0, ie.browserCommandLineSwitches=, requireWindowFocus=false, browserName=internet explorer, initialBrowserUrl=http://localhost:14264/, takesScreenshot=true, javascriptEnabled=true, ignoreProtectedModeSettings=false, enableElementCacheCleanup=true, cssSelectorsEnabled=true, unexpectedAlertBehaviour=dismiss}]
Session ID: 604159e1-0818-47a8-8d62-f6c708825187
*** Element info: {Using=id, value=ctl00_KdsContent_btnUpdWorkCard}">
      <![CDATA[org.openqa.selenium.NoSuchElementException: Unable to find element with id == ctl00_KdsContent_btnUpdWorkCard (WARNING: The server did not provide any stacktrace information)
Command duration or timeout: 514 milliseconds
For documentation on this error, please visit: http://seleniumhq.org/exceptions/no_such_element.html
Build info: version: 'unknown', revision: '1969d75', time: '2016-10-18 09:43:45 -0700'
System info: host: 'a25595', ip: '10.0.6.81', os.name: 'Windows 10', os.arch: 'amd64', os.version: '10.0', java.version: '1.8.0_111'
Driver info: org.openqa.selenium.ie.InternetExplorerDriver
Capabilities [{browserAttachTimeout=0, enablePersistentHover=true, ie.forceCreateProcessApi=false, pageLoadStrategy=normal, ie.usePerProcessProxy=false, ignoreZoomSetting=false, handlesAlerts=true, version=11, platform=WINDOWS, nativeEvents=true, ie.ensureCleanSession=false, elementScrollBehavior=0, ie.browserCommandLineSwitches=, requireWindowFocus=false, browserName=internet explorer, initialBrowserUrl=http://localhost:14264/, takesScreenshot=true, javascriptEnabled=true, ignoreProtectedModeSettings=false, enableElementCacheCleanup=true, cssSelectorsEnabled=true, unexpectedAlertBehaviour=dismiss}]
Session ID: 604159e1-0818-47a8-8d62-f6c708825187
*** Element info: {Using=id, value=ctl00_KdsContent_btnUpdWorkCard}
	at org.openqa.selenium.remote.ErrorHandler.createThrowable(ErrorHandler.java:216)
	at org.openqa.selenium.remote.ErrorHandler.throwIfResponseFailed(ErrorHandler.java:168)
	at org.openqa.selenium.remote.RemoteWebDriver.execute(RemoteWebDriver.java:635)
	at org.openqa.selenium.remote.RemoteWebDriver.findElement(RemoteWebDriver.java:368)
	at org.openqa.selenium.remote.RemoteWebDriver.findElementById(RemoteWebDriver.java:417)
	at org.openqa.selenium.By$ById.findElement(By.java:218)
	at org.openqa.selenium.remote.RemoteWebDriver.findElement(RemoteWebDriver.java:360)
	at pageObjects.LogInPage.lnk_EmployeeCards(LogInPage.java:13)
	at automationFramework.EmployeeCards.chkEmployeeCards(EmployeeCards.java:57)
... Removed 27 stack frames]]>
    </failure>
  </testcase> <!-- chkEmployeeCards -->
  <testcase name="chkEmployeeCards" time="0.527" classname="automationFramework.EmployeeCards">
    <failure type="org.openqa.selenium.NoSuchElementException" message="Unable to find element with id == ctl00_KdsContent_btnUpdWorkCard (WARNING: The server did not provide any stacktrace information)
Command duration or timeout: 526 milliseconds
For documentation on this error, please visit: http://seleniumhq.org/exceptions/no_such_element.html
Build info: version: &amp;apos;unknown&amp;apos;, revision: &amp;apos;1969d75&amp;apos;, time: &amp;apos;2016-10-18 09:43:45 -0700&amp;apos;
System info: host: &amp;apos;a25595&amp;apos;, ip: &amp;apos;10.0.6.81&amp;apos;, os.name: &amp;apos;Windows 10&amp;apos;, os.arch: &amp;apos;amd64&amp;apos;, os.version: &amp;apos;10.0&amp;apos;, java.version: &amp;apos;1.8.0_111&amp;apos;
Driver info: org.openqa.selenium.ie.InternetExplorerDriver
Capabilities [{browserAttachTimeout=0, enablePersistentHover=true, ie.forceCreateProcessApi=false, pageLoadStrategy=normal, ie.usePerProcessProxy=false, ignoreZoomSetting=false, handlesAlerts=true, version=11, platform=WINDOWS, nativeEvents=true, ie.ensureCleanSession=false, elementScrollBehavior=0, ie.browserCommandLineSwitches=, requireWindowFocus=false, browserName=internet explorer, initialBrowserUrl=http://localhost:22277/, takesScreenshot=true, javascriptEnabled=true, ignoreProtectedModeSettings=false, enableElementCacheCleanup=true, cssSelectorsEnabled=true, unexpectedAlertBehaviour=dismiss}]
Session ID: 8824124f-a747-4c6a-9e1a-1df881390e58
*** Element info: {Using=id, value=ctl00_KdsContent_btnUpdWorkCard}">
      <![CDATA[org.openqa.selenium.NoSuchElementException: Unable to find element with id == ctl00_KdsContent_btnUpdWorkCard (WARNING: The server did not provide any stacktrace information)
Command duration or timeout: 526 milliseconds
For documentation on this error, please visit: http://seleniumhq.org/exceptions/no_such_element.html
Build info: version: 'unknown', revision: '1969d75', time: '2016-10-18 09:43:45 -0700'
System info: host: 'a25595', ip: '10.0.6.81', os.name: 'Windows 10', os.arch: 'amd64', os.version: '10.0', java.version: '1.8.0_111'
Driver info: org.openqa.selenium.ie.InternetExplorerDriver
Capabilities [{browserAttachTimeout=0, enablePersistentHover=true, ie.forceCreateProcessApi=false, pageLoadStrategy=normal, ie.usePerProcessProxy=false, ignoreZoomSetting=false, handlesAlerts=true, version=11, platform=WINDOWS, nativeEvents=true, ie.ensureCleanSession=false, elementScrollBehavior=0, ie.browserCommandLineSwitches=, requireWindowFocus=false, browserName=internet explorer, initialBrowserUrl=http://localhost:22277/, takesScreenshot=true, javascriptEnabled=true, ignoreProtectedModeSettings=false, enableElementCacheCleanup=true, cssSelectorsEnabled=true, unexpectedAlertBehaviour=dismiss}]
Session ID: 8824124f-a747-4c6a-9e1a-1df881390e58
*** Element info: {Using=id, value=ctl00_KdsContent_btnUpdWorkCard}
	at org.openqa.selenium.remote.ErrorHandler.createThrowable(ErrorHandler.java:216)
	at org.openqa.selenium.remote.ErrorHandler.throwIfResponseFailed(ErrorHandler.java:168)
	at org.openqa.selenium.remote.RemoteWebDriver.execute(RemoteWebDriver.java:635)
	at org.openqa.selenium.remote.RemoteWebDriver.findElement(RemoteWebDriver.java:368)
	at org.openqa.selenium.remote.RemoteWebDriver.findElementById(RemoteWebDriver.java:417)
	at org.openqa.selenium.By$ById.findElement(By.java:218)
	at org.openqa.selenium.remote.RemoteWebDriver.findElement(RemoteWebDriver.java:360)
	at pageObjects.LogInPage.lnk_EmployeeCards(LogInPage.java:13)
	at automationFramework.EmployeeCards.chkEmployeeCards(EmployeeCards.java:57)
... Removed 27 stack frames]]>
    </failure>
  </testcase> <!-- chkEmployeeCards -->
</testsuite> <!-- Kds_Pages -->
